[WARNING]   ProjectExecutionModel

   ├ Execution
   │  ├ [ID]        » default-package
   │  ├ [SOURCE]    » packaging
   │  ├ [INHERITED] » true
   │  ├ Restrictions
   │  │  └ [PACKAGING-PROCEDURE] » maven-plugin
   │  ├ Trigger
   │  │  └ [DEFAULT-ACTIVE] » true
   │  └ Lifecycle
   │     ├ [ID] » default
   │     └ Phase
   │        ├ [ID] » package
   │        ├ Goal
   │        │  ├ [GROUPID]    » org.apache.maven.plugins
   │        │  ├ [ARTIFACTID] » maven-jar-plugin
   │        │  ├ [GOALID]     » jar
   │        │  └ [MODES]      » [default, dev]
   │        └ Goal
   │           ├ [GROUPID]    » org.apache.maven.plugins
   │           ├ [ARTIFACTID] » maven-plugin-plugin
   │           ├ [GOALID]     » addPluginArtifactMetadata
   │           └ [MODES]      » [default, dev]

   └ Execution
      ├ [ID]        » default-package
      ├ [SOURCE]    » packaging
      ├ [INHERITED] » true
      ├ Restrictions
      │  └ [PACKAGING-PROCEDURE] » jar
      ├ Trigger
      │  └ [DEFAULT-ACTIVE] » true
      └ Lifecycle
         ├ [ID] » default
         └ Phase
            ├ [ID] » package
            └ Goal
               ├ [GROUPID]    » org.apache.maven.plugins
               ├ [ARTIFACTID] » maven-jar-plugin
               ├ [GOALID]     » jar
               └ [MODES]      » [default, dev]

